Vivado Simulator 2019.2
Copyright 1986-1999, 2001-2019 Xilinx, Inc. All Rights Reserved.
Running: D:/Xilinx/Vivado/2019.2/bin/unwrapped/win64.o/xelab.exe -wto 21844a1d0b9347799920aee397ed6ba5 --incr --debug typical --relax --mt 2 -L dist_mem_gen_v8_0_13 -L xil_defaultlib -L unisims_ver -L unimacro_ver -L secureip -L xpm --snapshot testbench_behav xil_defaultlib.testbench xil_defaultlib.glbl -log elaborate.log 
Using 2 slave threads.
Starting static elaboration
Pass Through NonSizing Optimizer
WARNING: [VRFC 10-3091] actual bit length 1 differs from formal bit length 5 for port 'wb_wd' [D:/git-project/pipeline_CPU/pipeline_CPU/pipeline_CPU.srcs/sources_1/new/myCPU/cpu.v:281]
WARNING: [VRFC 10-3091] actual bit length 1 differs from formal bit length 32 for port 'wb_wdata' [D:/git-project/pipeline_CPU/pipeline_CPU/pipeline_CPU.srcs/sources_1/new/myCPU/cpu.v:283]
WARNING: [VRFC 10-5021] port 'switch' is not connected on this instance [D:/git-project/pipeline_CPU/pipeline_CPU/pipeline_CPU.srcs/sim_1/new/testbench.v:13]
Completed static elaboration
Starting simulation data flow analysis
Completed simulation data flow analysis
Time Resolution for simulation is 1ps
Compiling module xil_defaultlib.pc_reg
Compiling module xil_defaultlib.regfile
Compiling module xil_defaultlib.if_id
Compiling module xil_defaultlib.id
Compiling module xil_defaultlib.id_ex
Compiling module xil_defaultlib.ex
Compiling module xil_defaultlib.ex_mem
Compiling module xil_defaultlib.mem
Compiling module xil_defaultlib.mem_wb
Compiling module xil_defaultlib.wb
Compiling module xil_defaultlib.mycpu
Compiling module dist_mem_gen_v8_0_13.dist_mem_gen_v8_0_13(C_FAMILY="a...
Compiling module xil_defaultlib.inst_rom
Compiling module dist_mem_gen_v8_0_13.dist_mem_gen_v8_0_13(C_FAMILY="a...
Compiling module xil_defaultlib.data_ram
Compiling module xil_defaultlib.confreg
Compiling module xil_defaultlib.pipeline_CPU
Compiling module xil_defaultlib.testbench
Compiling module xil_defaultlib.glbl
Built simulation snapshot testbench_behav
