#-----------------------------------------------------------
# Vivado v2019.2 (64-bit)
# SW Build 2708876 on Wed Nov  6 21:40:23 MST 2019
# IP Build 2700528 on Thu Nov  7 00:09:20 MST 2019
# Start of session at: Fri Aug 19 15:56:28 2022
# Process ID: 12912
# Current directory: F:/d41/lab3/single_cycle
# Command line: vivado.exe -gui_launcher_event rodinguilauncherevent4140 F:\d41\lab3\single_cycle\single_cycle.xpr
# Log file: F:/d41/lab3/single_cycle/vivado.log
# Journal file: F:/d41/lab3/single_cycle\vivado.jou
#-----------------------------------------------------------
start_gui
open_project F:/d41/lab3/single_cycle/single_cycle.xpr
INFO: [Project 1-313] Project file moved from 'C:/Users/CHKB/Desktop/新建文件夹/lab3/single_cycle' since last save.
Scanning sources...
Finished scanning sources
WARNING: [filemgmt 56-2] IPUserFilesDir: Could not find the directory 'F:/d41/lab3/single_cycle/single_cycle.ip_user_files', nor could it be found using path 'C:/Users/CHKB/Desktop/新建文件夹/lab3/single_cycle/single_cycle.ip_user_files'.
INFO: [IP_Flow 19-234] Refreshing IP repositories
INFO: [IP_Flow 19-1704] No user IP repositories specified
INFO: [IP_Flow 19-2313] Loaded Vivado IP repository 'F:/Xilinx/Vivado/2019.2/data/ip'.
update_compile_order -fileset sources_1
set_property -name {xsim.simulate.log_all_signals} -value {true} -objects [get_filesets sim_1]
exit
INFO: [Common 17-206] Exiting Vivado at Fri Aug 19 21:31:13 2022...
